[debug] [2020-08-08T23:59:49.527Z] ----------------------------------------------------------------------
[debug] [2020-08-08T23:59:49.529Z] Command:       /usr/local/bin/node /usr/local/bin/firebase deploy
[debug] [2020-08-08T23:59:49.529Z] CLI Version:   8.6.0
[debug] [2020-08-08T23:59:49.529Z] Platform:      darwin
[debug] [2020-08-08T23:59:49.529Z] Node Version:  v12.16.3
[debug] [2020-08-08T23:59:49.530Z] Time:          Sat Aug 08 2020 16:59:49 GMT-0700 (Pacific Daylight Time)
[debug] [2020-08-08T23:59:49.530Z] ----------------------------------------------------------------------
[debug] [2020-08-08T23:59:49.530Z] 
[debug] [2020-08-08T23:59:49.540Z] > command requires scopes: ["email","openid","https://www.googleapis.com/auth/cloudplatformprojects.readonly","https://www.googleapis.com/auth/firebase","https://www.googleapis.com/auth/cloud-platform"]
[debug] [2020-08-08T23:59:49.540Z] > authorizing via signed-in user
[debug] [2020-08-08T23:59:49.541Z] [iam] checking project ross-trivia for permissions ["cloudfunctions.functions.create","cloudfunctions.functions.delete","cloudfunctions.functions.get","cloudfunctions.functions.list","cloudfunctions.functions.update","cloudfunctions.operations.get","datastore.indexes.create","datastore.indexes.delete","datastore.indexes.list","datastore.indexes.update","firebase.projects.get","firebasedatabase.instances.update","firebasehosting.sites.update","firebaserules.releases.create","firebaserules.releases.update","firebaserules.rulesets.create"]
[debug] [2020-08-08T23:59:49.543Z] > refreshing access token with scopes: ["email","https://www.googleapis.com/auth/cloud-platform","https://www.googleapis.com/auth/cloudplatformprojects.readonly","https://www.googleapis.com/auth/firebase","openid"]
[debug] [2020-08-08T23:59:49.543Z] >>> HTTP REQUEST POST https://www.googleapis.com/oauth2/v3/token  
 <request body omitted>
[debug] [2020-08-08T23:59:49.681Z] <<< HTTP RESPONSE 200 {"content-type":"application/json; charset=utf-8","vary":"X-Origin, Referer, Origin,Accept-Encoding","date":"Sat, 08 Aug 2020 23:59:49 GMT","server":"scaffolding on HTTPServer2","cache-control":"private","x-xss-protection":"0","x-frame-options":"SAMEORIGIN","x-content-type-options":"nosniff","alt-svc":"h3-29=\":443\"; ma=2592000,h3-27=\":443\"; ma=2592000,h3-T050=\":443\"; ma=2592000,h3-Q050=\":443\"; ma=2592000,h3-Q046=\":443\"; ma=2592000,h3-Q043=\":443\"; ma=2592000,quic=\":443\"; ma=2592000; v=\"46,43\"","accept-ranges":"none","transfer-encoding":"chunked"}
[debug] [2020-08-08T23:59:49.692Z] >>> HTTP REQUEST POST https://cloudresourcemanager.googleapis.com/v1/projects/ross-trivia:testIamPermissions  
 {"permissions":["cloudfunctions.functions.create","cloudfunctions.functions.delete","cloudfunctions.functions.get","cloudfunctions.functions.list","cloudfunctions.functions.update","cloudfunctions.operations.get","datastore.indexes.create","datastore.indexes.delete","datastore.indexes.list","datastore.indexes.update","firebase.projects.get","firebasedatabase.instances.update","firebasehosting.sites.update","firebaserules.releases.create","firebaserules.releases.update","firebaserules.rulesets.create"]}
[debug] [2020-08-08T23:59:49.825Z] <<< HTTP RESPONSE 200 {"content-type":"application/json; charset=UTF-8","vary":"X-Origin, Referer, Origin,Accept-Encoding","date":"Sat, 08 Aug 2020 23:59:49 GMT","server":"ESF","cache-control":"private","x-xss-protection":"0","x-frame-options":"SAMEORIGIN","x-content-type-options":"nosniff","server-timing":"gfet4t7; dur=67","alt-svc":"h3-29=\":443\"; ma=2592000,h3-27=\":443\"; ma=2592000,h3-T050=\":443\"; ma=2592000,h3-Q050=\":443\"; ma=2592000,h3-Q046=\":443\"; ma=2592000,h3-Q043=\":443\"; ma=2592000,quic=\":443\"; ma=2592000; v=\"46,43\"","accept-ranges":"none","transfer-encoding":"chunked"}
[debug] [2020-08-08T23:59:49.826Z] >>> HTTP REQUEST POST https://iam.googleapis.com/v1/projects/ross-trivia/serviceAccounts/ross-trivia@appspot.gserviceaccount.com:testIamPermissions  
 {"permissions":["iam.serviceAccounts.actAs"]}
[debug] [2020-08-08T23:59:50.158Z] <<< HTTP RESPONSE 200 {"content-type":"application/json; charset=UTF-8","vary":"X-Origin, Referer, Origin,Accept-Encoding","date":"Sat, 08 Aug 2020 23:59:50 GMT","server":"ESF","cache-control":"private","x-xss-protection":"0","x-frame-options":"SAMEORIGIN","x-content-type-options":"nosniff","alt-svc":"h3-29=\":443\"; ma=2592000,h3-27=\":443\"; ma=2592000,h3-T050=\":443\"; ma=2592000,h3-Q050=\":443\"; ma=2592000,h3-Q046=\":443\"; ma=2592000,h3-Q043=\":443\"; ma=2592000,quic=\":443\"; ma=2592000; v=\"46,43\"","accept-ranges":"none","transfer-encoding":"chunked"}
[debug] [2020-08-08T23:59:50.160Z] >>> HTTP REQUEST GET https://firebase.googleapis.com/v1beta1/projects/ross-trivia  
 
[debug] [2020-08-08T23:59:50.391Z] <<< HTTP RESPONSE 200 {"content-type":"application/json; charset=UTF-8","vary":"X-Origin, Referer, Origin,Accept-Encoding","date":"Sat, 08 Aug 2020 23:59:50 GMT","server":"ESF","cache-control":"private","x-xss-protection":"0","x-frame-options":"SAMEORIGIN","x-content-type-options":"nosniff","alt-svc":"h3-29=\":443\"; ma=2592000,h3-27=\":443\"; ma=2592000,h3-T050=\":443\"; ma=2592000,h3-Q050=\":443\"; ma=2592000,h3-Q046=\":443\"; ma=2592000,h3-Q043=\":443\"; ma=2592000,quic=\":443\"; ma=2592000; v=\"46,43\"","accept-ranges":"none","transfer-encoding":"chunked"}
[info] 
[info] === Deploying to 'ross-trivia'...
[info] 
[info] i  deploying database, storage, firestore, functions, hosting 
[info] Running command: npm --prefix "$RESOURCE_DIR" run lint
[info] ✔  functions: Finished running predeploy script. 
[info] i  database: checking rules syntax... 
[debug] [2020-08-08T23:59:53.924Z] >>> HTTP REQUEST PUT https://ross-trivia.firebaseio.com/.settings/rules.json?dryRun=true  
 {
  "rules": {
    ".read": true,
    ".write": true
  }
}
[debug] [2020-08-08T23:59:54.260Z] <<< HTTP RESPONSE 200 {"server":"nginx","date":"Sat, 08 Aug 2020 23:59:54 GMT","content-type":"application/json; charset=utf-8","content-length":"15","connection":"keep-alive","access-control-allow-origin":"*","cache-control":"no-cache","strict-transport-security":"max-age=31556926; includeSubDomains; preload"}
[info] ✔  database: rules syntax for database ross-trivia is valid 
[debug] [2020-08-08T23:59:54.262Z] >>> HTTP REQUEST GET https://appengine.googleapis.com/v1/apps/ross-trivia  
 
[debug] [2020-08-08T23:59:54.634Z] <<< HTTP RESPONSE 200 {"content-type":"application/json; charset=UTF-8","vary":"X-Origin, Referer, Origin,Accept-Encoding","date":"Sat, 08 Aug 2020 23:59:54 GMT","server":"ESF","cache-control":"private","x-xss-protection":"0","x-frame-options":"SAMEORIGIN","x-content-type-options":"nosniff","alt-svc":"h3-29=\":443\"; ma=2592000,h3-27=\":443\"; ma=2592000,h3-T050=\":443\"; ma=2592000,h3-Q050=\":443\"; ma=2592000,h3-Q046=\":443\"; ma=2592000,h3-Q043=\":443\"; ma=2592000,quic=\":443\"; ma=2592000; v=\"46,43\"","accept-ranges":"none","transfer-encoding":"chunked"}
[info] i  firebase.storage: checking storage.rules for compilation errors... 
[debug] [2020-08-08T23:59:54.636Z] >>> HTTP REQUEST POST https://firebaserules.googleapis.com/v1/projects/ross-trivia:test  
 {"source":{"files":[{"name":"storage.rules","content":"rules_version = '2';\nservice firebase.storage {\n  match /b/{bucket}/o {\n    match /{allPaths=**} {\n      allow read, write: if true;\n    }\n  }\n}\n"}]}}
[debug] [2020-08-08T23:59:55.049Z] <<< HTTP RESPONSE 200 {"content-type":"application/json; charset=UTF-8","vary":"X-Origin, Referer, Origin,Accept-Encoding","date":"Sat, 08 Aug 2020 23:59:55 GMT","server":"ESF","cache-control":"private","x-xss-protection":"0","x-frame-options":"SAMEORIGIN","x-content-type-options":"nosniff","alt-svc":"h3-29=\":443\"; ma=2592000,h3-27=\":443\"; ma=2592000,h3-T050=\":443\"; ma=2592000,h3-Q050=\":443\"; ma=2592000,h3-Q046=\":443\"; ma=2592000,h3-Q043=\":443\"; ma=2592000,quic=\":443\"; ma=2592000; v=\"46,43\"","accept-ranges":"none","transfer-encoding":"chunked"}
[info] ✔  firebase.storage: rules file storage.rules compiled successfully 
[info] i  firestore: reading indexes from firestore.indexes.json... 
[info] i  cloud.firestore: checking firestore.rules for compilation errors... 
[debug] [2020-08-08T23:59:55.052Z] >>> HTTP REQUEST POST https://firebaserules.googleapis.com/v1/projects/ross-trivia:test  
 {"source":{"files":[{"name":"firestore.rules","content":"rules_version = '2';\nservice cloud.firestore {\n  match /databases/{database}/documents {\n    match /{document=**} {\n      allow read, write: if true;\n    }\n  }\n}"}]}}
[debug] [2020-08-08T23:59:55.347Z] <<< HTTP RESPONSE 200 {"content-type":"application/json; charset=UTF-8","vary":"X-Origin, Referer, Origin,Accept-Encoding","date":"Sat, 08 Aug 2020 23:59:55 GMT","server":"ESF","cache-control":"private","x-xss-protection":"0","x-frame-options":"SAMEORIGIN","x-content-type-options":"nosniff","alt-svc":"h3-29=\":443\"; ma=2592000,h3-27=\":443\"; ma=2592000,h3-T050=\":443\"; ma=2592000,h3-Q050=\":443\"; ma=2592000,h3-Q046=\":443\"; ma=2592000,h3-Q043=\":443\"; ma=2592000,quic=\":443\"; ma=2592000; v=\"46,43\"","accept-ranges":"none","transfer-encoding":"chunked"}
[info] ✔  cloud.firestore: rules file firestore.rules compiled successfully 
[debug] [2020-08-08T23:59:55.349Z] > [functions] package.json contents: {
  "name": "functions",
  "description": "Cloud Functions for Firebase",
  "scripts": {
    "lint": "eslint .",
    "serve": "firebase emulators:start --only functions",
    "shell": "firebase functions:shell",
    "start": "npm run shell",
    "deploy": "firebase deploy --only functions",
    "logs": "firebase functions:log"
  },
  "engines": {
    "node": "10"
  },
  "dependencies": {
    "firebase-admin": "^8.10.0",
    "firebase-functions": "^3.6.1"
  },
  "devDependencies": {
    "eslint": "^5.12.0",
    "eslint-plugin-promise": "^4.0.1",
    "firebase-functions-test": "^0.2.0"
  },
  "private": true
}
[info] i  functions: ensuring required API cloudfunctions.googleapis.com is enabled... 
[info] i  functions: ensuring required API cloudbuild.googleapis.com is enabled... 
[debug] [2020-08-08T23:59:56.280Z] >>> HTTP REQUEST GET https://serviceusage.googleapis.com/v1/projects/ross-trivia/services/cloudfunctions.googleapis.com  
 
[debug] [2020-08-08T23:59:56.281Z] >>> HTTP REQUEST GET https://serviceusage.googleapis.com/v1/projects/ross-trivia/services/runtimeconfig.googleapis.com  
 
[debug] [2020-08-08T23:59:56.281Z] >>> HTTP REQUEST GET https://serviceusage.googleapis.com/v1/projects/ross-trivia/services/cloudbuild.googleapis.com  
 
[debug] [2020-08-08T23:59:56.699Z] <<< HTTP RESPONSE 200 {"content-type":"application/json; charset=UTF-8","vary":"X-Origin, Referer, Origin,Accept-Encoding","date":"Sat, 08 Aug 2020 23:59:56 GMT","server":"ESF","cache-control":"private","x-xss-protection":"0","x-frame-options":"SAMEORIGIN","x-content-type-options":"nosniff","alt-svc":"h3-29=\":443\"; ma=2592000,h3-27=\":443\"; ma=2592000,h3-T050=\":443\"; ma=2592000,h3-Q050=\":443\"; ma=2592000,h3-Q046=\":443\"; ma=2592000,h3-Q043=\":443\"; ma=2592000,quic=\":443\"; ma=2592000; v=\"46,43\"","accept-ranges":"none","transfer-encoding":"chunked"}
[debug] [2020-08-08T23:59:56.705Z] <<< HTTP RESPONSE 200 {"content-type":"application/json; charset=UTF-8","vary":"X-Origin, Referer, Origin,Accept-Encoding","date":"Sat, 08 Aug 2020 23:59:56 GMT","server":"ESF","cache-control":"private","x-xss-protection":"0","x-frame-options":"SAMEORIGIN","x-content-type-options":"nosniff","alt-svc":"h3-29=\":443\"; ma=2592000,h3-27=\":443\"; ma=2592000,h3-T050=\":443\"; ma=2592000,h3-Q050=\":443\"; ma=2592000,h3-Q046=\":443\"; ma=2592000,h3-Q043=\":443\"; ma=2592000,quic=\":443\"; ma=2592000; v=\"46,43\"","accept-ranges":"none","transfer-encoding":"chunked"}
[info] ✔  functions: required API cloudfunctions.googleapis.com is enabled 
[debug] [2020-08-08T23:59:56.717Z] <<< HTTP RESPONSE 200 {"content-type":"application/json; charset=UTF-8","vary":"X-Origin, Referer, Origin,Accept-Encoding","date":"Sat, 08 Aug 2020 23:59:56 GMT","server":"ESF","cache-control":"private","x-xss-protection":"0","x-frame-options":"SAMEORIGIN","x-content-type-options":"nosniff","alt-svc":"h3-29=\":443\"; ma=2592000,h3-27=\":443\"; ma=2592000,h3-T050=\":443\"; ma=2592000,h3-Q050=\":443\"; ma=2592000,h3-Q046=\":443\"; ma=2592000,h3-Q043=\":443\"; ma=2592000,quic=\":443\"; ma=2592000; v=\"46,43\"","accept-ranges":"none","transfer-encoding":"chunked"}
[info] ✔  functions: required API cloudbuild.googleapis.com is enabled 
[debug] [2020-08-08T23:59:56.718Z] >>> HTTP REQUEST GET https://firebase.googleapis.com/v1beta1/projects/ross-trivia/adminSdkConfig  
 
[debug] [2020-08-08T23:59:56.894Z] <<< HTTP RESPONSE 200 {"content-type":"application/json; charset=UTF-8","vary":"X-Origin, Referer, Origin,Accept-Encoding","date":"Sat, 08 Aug 2020 23:59:56 GMT","server":"ESF","cache-control":"private","x-xss-protection":"0","x-frame-options":"SAMEORIGIN","x-content-type-options":"nosniff","alt-svc":"h3-29=\":443\"; ma=2592000,h3-27=\":443\"; ma=2592000,h3-T050=\":443\"; ma=2592000,h3-Q050=\":443\"; ma=2592000,h3-Q046=\":443\"; ma=2592000,h3-Q043=\":443\"; ma=2592000,quic=\":443\"; ma=2592000; v=\"46,43\"","accept-ranges":"none","transfer-encoding":"chunked"}
[debug] [2020-08-08T23:59:56.902Z] >>> HTTP REQUEST POST https://firebasehosting.googleapis.com/v1beta1/sites/ross-trivia/versions  
 {"config":{"rewrites":[{"glob":"**","path":"/index.html"}]},"labels":{"deployment-tool":"cli-firebase"}}
[debug] [2020-08-08T23:59:58.218Z] <<< HTTP RESPONSE 200 {"content-type":"application/json; charset=UTF-8","vary":"X-Origin, Referer, Origin,Accept-Encoding","date":"Sat, 08 Aug 2020 23:59:58 GMT","server":"ESF","cache-control":"private","x-xss-protection":"0","x-frame-options":"SAMEORIGIN","x-content-type-options":"nosniff","alt-svc":"h3-29=\":443\"; ma=2592000,h3-27=\":443\"; ma=2592000,h3-T050=\":443\"; ma=2592000,h3-Q050=\":443\"; ma=2592000,h3-Q046=\":443\"; ma=2592000,h3-Q043=\":443\"; ma=2592000,quic=\":443\"; ma=2592000; v=\"46,43\"","accept-ranges":"none","transfer-encoding":"chunked"}
[debug] [2020-08-08T23:59:58.220Z] >>> HTTP REQUEST GET https://firebaserules.googleapis.com/v1/projects/ross-trivia/releases?pageSize=10&pageToken=  
 
[debug] [2020-08-08T23:59:58.537Z] <<< HTTP RESPONSE 200 {"content-type":"application/json; charset=UTF-8","vary":"X-Origin, Referer, Origin,Accept-Encoding","date":"Sat, 08 Aug 2020 23:59:58 GMT","server":"ESF","cache-control":"private","x-xss-protection":"0","x-frame-options":"SAMEORIGIN","x-content-type-options":"nosniff","alt-svc":"h3-29=\":443\"; ma=2592000,h3-27=\":443\"; ma=2592000,h3-T050=\":443\"; ma=2592000,h3-Q050=\":443\"; ma=2592000,h3-Q046=\":443\"; ma=2592000,h3-Q043=\":443\"; ma=2592000,quic=\":443\"; ma=2592000; v=\"46,43\"","accept-ranges":"none","transfer-encoding":"chunked"}
[debug] [2020-08-08T23:59:58.539Z] >>> HTTP REQUEST GET https://firebaserules.googleapis.com/v1/projects/ross-trivia/rulesets/8b9fea86-6d08-4ad8-aa98-a4b69f45104a  
 
[debug] [2020-08-08T23:59:58.896Z] <<< HTTP RESPONSE 200 {"content-type":"application/json; charset=UTF-8","vary":"X-Origin, Referer, Origin,Accept-Encoding","date":"Sat, 08 Aug 2020 23:59:58 GMT","server":"ESF","cache-control":"private","x-xss-protection":"0","x-frame-options":"SAMEORIGIN","x-content-type-options":"nosniff","alt-svc":"h3-29=\":443\"; ma=2592000,h3-27=\":443\"; ma=2592000,h3-T050=\":443\"; ma=2592000,h3-Q050=\":443\"; ma=2592000,h3-Q046=\":443\"; ma=2592000,h3-Q043=\":443\"; ma=2592000,quic=\":443\"; ma=2592000; v=\"46,43\"","accept-ranges":"none","transfer-encoding":"chunked"}
[info] i  storage: latest version of storage.rules already up to date, skipping upload... 
[debug] [2020-08-08T23:59:58.898Z] >>> HTTP REQUEST GET https://firebaserules.googleapis.com/v1/projects/ross-trivia/releases?pageSize=10&pageToken=  
 
[debug] [2020-08-08T23:59:58.898Z] >>> HTTP REQUEST GET https://firestore.googleapis.com/v1/projects/ross-trivia/databases/(default)/collectionGroups/-/indexes  
 
[debug] [2020-08-08T23:59:59.173Z] <<< HTTP RESPONSE 200 {"content-type":"application/json; charset=UTF-8","vary":"X-Origin, Referer, Origin,Accept-Encoding","date":"Sat, 08 Aug 2020 23:59:59 GMT","server":"ESF","cache-control":"private","x-xss-protection":"0","x-frame-options":"SAMEORIGIN","x-content-type-options":"nosniff","alt-svc":"h3-29=\":443\"; ma=2592000,h3-27=\":443\"; ma=2592000,h3-T050=\":443\"; ma=2592000,h3-Q050=\":443\"; ma=2592000,h3-Q046=\":443\"; ma=2592000,h3-Q043=\":443\"; ma=2592000,quic=\":443\"; ma=2592000; v=\"46,43\"","accept-ranges":"none","transfer-encoding":"chunked"}
[debug] [2020-08-08T23:59:59.174Z] >>> HTTP REQUEST GET https://firebaserules.googleapis.com/v1/projects/ross-trivia/rulesets/f7868370-003d-4b1b-b0db-86344cbfb6d1  
 
[debug] [2020-08-08T23:59:59.248Z] <<< HTTP RESPONSE 200 {"content-type":"application/json; charset=UTF-8","vary":"X-Origin, Referer, Origin,Accept-Encoding","date":"Sat, 08 Aug 2020 23:59:59 GMT","server":"ESF","cache-control":"private","x-xss-protection":"0","x-frame-options":"SAMEORIGIN","x-content-type-options":"nosniff","alt-svc":"h3-29=\":443\"; ma=2592000,h3-27=\":443\"; ma=2592000,h3-T050=\":443\"; ma=2592000,h3-Q050=\":443\"; ma=2592000,h3-Q046=\":443\"; ma=2592000,h3-Q043=\":443\"; ma=2592000,quic=\":443\"; ma=2592000; v=\"46,43\"","accept-ranges":"none","transfer-encoding":"chunked"}
[debug] [2020-08-08T23:59:59.251Z] >>> HTTP REQUEST GET https://firestore.googleapis.com/v1/projects/ross-trivia/databases/(default)/collectionGroups/-/fields?filter=indexConfig.usesAncestorConfig=false  
 
[debug] [2020-08-08T23:59:59.438Z] <<< HTTP RESPONSE 200 {"content-type":"application/json; charset=UTF-8","vary":"X-Origin, Referer, Origin,Accept-Encoding","date":"Sat, 08 Aug 2020 23:59:59 GMT","server":"ESF","cache-control":"private","x-xss-protection":"0","x-frame-options":"SAMEORIGIN","x-content-type-options":"nosniff","alt-svc":"h3-29=\":443\"; ma=2592000,h3-27=\":443\"; ma=2592000,h3-T050=\":443\"; ma=2592000,h3-Q050=\":443\"; ma=2592000,h3-Q046=\":443\"; ma=2592000,h3-Q043=\":443\"; ma=2592000,quic=\":443\"; ma=2592000; v=\"46,43\"","accept-ranges":"none","transfer-encoding":"chunked"}
[info] i  firestore: latest version of firestore.rules already up to date, skipping upload... 
[debug] [2020-08-08T23:59:59.507Z] <<< HTTP RESPONSE 200 {"content-type":"application/json; charset=UTF-8","vary":"X-Origin, Referer, Origin,Accept-Encoding","date":"Sat, 08 Aug 2020 23:59:59 GMT","server":"ESF","cache-control":"private","x-xss-protection":"0","x-frame-options":"SAMEORIGIN","x-content-type-options":"nosniff","alt-svc":"h3-29=\":443\"; ma=2592000,h3-27=\":443\"; ma=2592000,h3-T050=\":443\"; ma=2592000,h3-Q050=\":443\"; ma=2592000,h3-Q046=\":443\"; ma=2592000,h3-Q043=\":443\"; ma=2592000,quic=\":443\"; ma=2592000; v=\"46,43\"","accept-ranges":"none","transfer-encoding":"chunked"}
[info] ✔  firestore: deployed indexes in firestore.indexes.json successfully 
[info] i  functions: preparing functions directory for uploading... 
[debug] [2020-08-08T23:59:59.508Z] >>> HTTP REQUEST GET https://runtimeconfig.googleapis.com/v1beta1/projects/ross-trivia/configs  
 
[debug] [2020-08-08T23:59:59.866Z] <<< HTTP RESPONSE 200 {"content-type":"application/json; charset=UTF-8","vary":"X-Origin, Referer, Origin,Accept-Encoding","date":"Sat, 08 Aug 2020 23:59:59 GMT","server":"ESF","cache-control":"private","x-xss-protection":"0","x-frame-options":"SAMEORIGIN","x-content-type-options":"nosniff","alt-svc":"h3-29=\":443\"; ma=2592000,h3-27=\":443\"; ma=2592000,h3-T050=\":443\"; ma=2592000,h3-Q050=\":443\"; ma=2592000,h3-Q046=\":443\"; ma=2592000,h3-Q043=\":443\"; ma=2592000,quic=\":443\"; ma=2592000; v=\"46,43\"","accept-ranges":"none","transfer-encoding":"chunked"}
[debug] [2020-08-08T23:59:59.968Z] >>> HTTP REQUEST GET https://cloudfunctions.googleapis.com/v1/projects/ross-trivia/locations/-/functions  
 
[debug] [2020-08-09T00:00:00.480Z] <<< HTTP RESPONSE 200 {"content-type":"application/json; charset=UTF-8","vary":"X-Origin, Referer, Origin,Accept-Encoding","date":"Sun, 09 Aug 2020 00:00:00 GMT","server":"ESF","cache-control":"private","x-xss-protection":"0","x-frame-options":"SAMEORIGIN","x-content-type-options":"nosniff","alt-svc":"h3-29=\":443\"; ma=2592000,h3-27=\":443\"; ma=2592000,h3-T050=\":443\"; ma=2592000,h3-Q050=\":443\"; ma=2592000,h3-Q046=\":443\"; ma=2592000,h3-Q043=\":443\"; ma=2592000,quic=\":443\"; ma=2592000; v=\"46,43\"","accept-ranges":"none","transfer-encoding":"chunked"}
[info] i  hosting[ross-trivia]: beginning deploy... 
[info] i  hosting[ross-trivia]: found 19 files in build 
[debug] [2020-08-09T00:00:01.430Z] [hosting] hash cache [YnVpbGQ] stored for 19 files
[debug] [2020-08-09T00:00:01.430Z] [hosting][hash queue][FINAL] {"max":934,"min":8,"avg":63.1578947368421,"active":0,"complete":19,"success":19,"errored":0,"retried":0,"total":19,"elapsed":940}
[debug] [2020-08-09T00:00:01.431Z] >>> HTTP REQUEST POST https://firebasehosting.googleapis.com/v1beta1/sites/ross-trivia/versions/379d8e5e61aac1c1:populateFiles  
 <request body omitted>
[debug] [2020-08-09T00:00:02.004Z] <<< HTTP RESPONSE 200 {"content-type":"application/json; charset=UTF-8","vary":"X-Origin, Referer, Origin,Accept-Encoding","date":"Sun, 09 Aug 2020 00:00:01 GMT","server":"ESF","cache-control":"private","x-xss-protection":"0","x-frame-options":"SAMEORIGIN","x-content-type-options":"nosniff","alt-svc":"h3-29=\":443\"; ma=2592000,h3-27=\":443\"; ma=2592000,h3-T050=\":443\"; ma=2592000,h3-Q050=\":443\"; ma=2592000,h3-Q046=\":443\"; ma=2592000,h3-Q043=\":443\"; ma=2592000,quic=\":443\"; ma=2592000; v=\"46,43\"","accept-ranges":"none","transfer-encoding":"chunked"}
[debug] [2020-08-09T00:00:02.009Z] [hosting][populate queue][FINAL] {"max":576,"min":576,"avg":576,"active":0,"complete":1,"success":1,"errored":0,"retried":0,"total":1,"elapsed":580}
[debug] [2020-08-09T00:00:02.009Z] [hosting] uploads queued: 8
[debug] [2020-08-09T00:00:03.974Z] [hosting][upload queue][FINAL] {"max":1969,"min":831,"avg":1044.625,"active":0,"complete":8,"success":8,"errored":0,"retried":0,"total":8,"elapsed":1970}
[info] ✔  hosting[ross-trivia]: file upload complete 
[debug] [2020-08-09T00:00:03.975Z] [hosting] deploy completed after 3494ms
[info] i  database: releasing rules... 
[debug] [2020-08-09T00:00:04.047Z] >>> HTTP REQUEST PUT https://ross-trivia.firebaseio.com/.settings/rules.json  
 {
  "rules": {
    ".read": true,
    ".write": true
  }
}
[debug] [2020-08-09T00:00:04.562Z] <<< HTTP RESPONSE 200 {"server":"nginx","date":"Sun, 09 Aug 2020 00:00:04 GMT","content-type":"application/json; charset=utf-8","content-length":"15","connection":"keep-alive","access-control-allow-origin":"*","cache-control":"no-cache","strict-transport-security":"max-age=31556926; includeSubDomains; preload"}
[info] ✔  database: rules for database ross-trivia released successfully 
[debug] [2020-08-09T00:00:04.564Z] [rules] releasing firebase.storage/ross-trivia.appspot.com with ruleset projects/ross-trivia/rulesets/8b9fea86-6d08-4ad8-aa98-a4b69f45104a
[debug] [2020-08-09T00:00:04.564Z] >>> HTTP REQUEST PATCH https://firebaserules.googleapis.com/v1/projects/ross-trivia/releases/firebase.storage/ross-trivia.appspot.com  
 {"release":{"name":"projects/ross-trivia/releases/firebase.storage/ross-trivia.appspot.com","rulesetName":"projects/ross-trivia/rulesets/8b9fea86-6d08-4ad8-aa98-a4b69f45104a"}}
[debug] [2020-08-09T00:00:04.900Z] <<< HTTP RESPONSE 200 {"content-type":"application/json; charset=UTF-8","vary":"X-Origin, Referer, Origin,Accept-Encoding","date":"Sun, 09 Aug 2020 00:00:04 GMT","server":"ESF","cache-control":"private","x-xss-protection":"0","x-frame-options":"SAMEORIGIN","x-content-type-options":"nosniff","alt-svc":"h3-29=\":443\"; ma=2592000,h3-27=\":443\"; ma=2592000,h3-T050=\":443\"; ma=2592000,h3-Q050=\":443\"; ma=2592000,h3-Q046=\":443\"; ma=2592000,h3-Q043=\":443\"; ma=2592000,quic=\":443\"; ma=2592000; v=\"46,43\"","accept-ranges":"none","transfer-encoding":"chunked"}
[debug] [2020-08-09T00:00:04.901Z] [rules] updated release projects/ross-trivia/releases/firebase.storage/ross-trivia.appspot.com
[info] ✔  storage: released rules storage.rules to firebase.storage 
[debug] [2020-08-09T00:00:04.901Z] [rules] releasing cloud.firestore with ruleset projects/ross-trivia/rulesets/f7868370-003d-4b1b-b0db-86344cbfb6d1
[debug] [2020-08-09T00:00:04.902Z] >>> HTTP REQUEST PATCH https://firebaserules.googleapis.com/v1/projects/ross-trivia/releases/cloud.firestore  
 {"release":{"name":"projects/ross-trivia/releases/cloud.firestore","rulesetName":"projects/ross-trivia/rulesets/f7868370-003d-4b1b-b0db-86344cbfb6d1"}}
[debug] [2020-08-09T00:00:05.239Z] <<< HTTP RESPONSE 200 {"content-type":"application/json; charset=UTF-8","vary":"X-Origin, Referer, Origin,Accept-Encoding","date":"Sun, 09 Aug 2020 00:00:05 GMT","server":"ESF","cache-control":"private","x-xss-protection":"0","x-frame-options":"SAMEORIGIN","x-content-type-options":"nosniff","alt-svc":"h3-29=\":443\"; ma=2592000,h3-27=\":443\"; ma=2592000,h3-T050=\":443\"; ma=2592000,h3-Q050=\":443\"; ma=2592000,h3-Q046=\":443\"; ma=2592000,h3-Q043=\":443\"; ma=2592000,quic=\":443\"; ma=2592000; v=\"46,43\"","accept-ranges":"none","transfer-encoding":"chunked"}
[debug] [2020-08-09T00:00:05.239Z] [rules] updated release projects/ross-trivia/releases/cloud.firestore
[info] ✔  firestore: released rules firestore.rules to cloud.firestore 
[debug] [2020-08-09T00:00:05.242Z] [
  {
    "config": {
      "public": "build",
      "ignore": [
        "firebase.json",
        "**/.*",
        "**/node_modules/**"
      ],
      "rewrites": [
        {
          "source": "**",
          "destination": "/index.html"
        }
      ],
      "site": "ross-trivia"
    },
    "site": "ross-trivia",
    "version": "sites/ross-trivia/versions/379d8e5e61aac1c1"
  }
]
[info] i  hosting[ross-trivia]: finalizing version... 
[debug] [2020-08-09T00:00:05.243Z] >>> HTTP REQUEST PATCH https://firebasehosting.googleapis.com/v1beta1/sites/ross-trivia/versions/379d8e5e61aac1c1?updateMask=status  
 {"status":"FINALIZED"}
